
ROM used:   1213/8192 (15%)
            1213/8192 (15%) including unused fragments

            0.4 Average locations per line
            2.0 Average locations per statement

RAM used:   24/368 (7%) at main() level
            42/368 (11%) worst case

Stack used: 5 worst case (5 in main + 0 for interrupts)
Stack size: 8

Lines Stmts  %   Files
----- ----- ---  -----
   55    31   5  case_1 procedure_2reader.c
  671     0   0  ..\..\..\..\..\..\Program Files (x86)\PICC\Devices\16F877A.h
 1351   359  60  ..\..\..\..\..\..\Program Files (x86)\PICC\Drivers\stdlib.h
   32     0   0  ..\..\..\..\..\..\Program Files (x86)\PICC\Drivers\stddef.h
  423   125  21  ..\..\..\..\..\..\Program Files (x86)\PICC\Drivers\string.h
   28     0   0  ..\..\..\..\..\..\Program Files (x86)\PICC\Drivers\ctype.h
  456    84  14  ..\..\..\..\..\..\Program Files (x86)\PICC\Drivers\lcd.c
----- -----
 3016   599 Total

Page ROM  %  RAM   Vol Diff  Functions:
---- --- --- ---   --- ----  ----------
 Inline         6             @MULS1616
0    308  25   11  1817 10.4  atol
0     21   2    1             @delay_ms1
 Inline         3   596  5.9  lcd_read_byte
0      6   0    0    59  4.2  lcd_read_nibble
0     12   1    1   179  3.3  lcd_send_nibble
0     64   5    3   460  4.7  lcd_send_byte
0     62   5    6   814  7.2  lcd_init
0     18   1    4   208  6.3  lcd_gotoxy
0     44   4    1   354  4.7  lcd_putc
0    265  22    2  1047  5.3  MAIN
0      4   0    0             @const945
0     89   7    5             @PSTRINGCN7_9600_62_63
0     89   7    9             @PRINTF_LU_9600_62_63
0      4   0    0             @const950
0     87   7    5             @PSTRINGCN7_920
0     99   8    9             @PRINTF_LU_920
0      9   1    0             @MEMSET
0      4   0    0             @const959
0      4   0    0             @const960
0      4   0    0             @const961
0      4   0    0             @const962
0     12   1    0             @const963
 Inline         0             @cinit1

Program metrics:
    Functions               9
    Statements              599
    Comments                1017
    Volume (V)              8144
    Difficulty (D)          48.6
    Effort to implement (E) 395644
    Time to implement (T)   6 hours, 6 minutes
    Est Delivered Bugs (B)  2
    Cyclomatic Complexity   21
    Maintainability (MI)    33

 Segment     Used  Free
-----------  ----  ----
00000-00003     4  0  
00004-007FF  1209  835  
00800-00FFF     0  2048  
01000-017FF     0  2048  
01800-01FFF     0  2048  



