
ROM used:   147/8192 (2%)
            147/8192 (2%) including unused fragments

            0.2 Average locations per line
            7.4 Average locations per statement

RAM used:   6/368 (2%) at main() level
            7/368 (2%) worst case

Stack used: 1 worst case (1 in main + 0 for interrupts)
Stack size: 8

Lines Stmts  %   Files
----- ----- ---  -----
   30    20 100  case_1 procedure_2writer.c
  671     0   0  ..\..\..\..\..\..\Program Files (x86)\PICC\Devices\16F877A.h
----- -----
  701    20 Total

Page ROM  %  RAM   Vol Diff  Functions:
---- --- --- ---   --- ----  ----------
0     21  14    1   485  7.8  @delay_ms1
0    122  83    1   426  1.9  main
 Inline         0   288  6.0  @cinit1

Program metrics:
    Functions               3
    Statements              20
    Comments                120
    Volume (V)              1542
    Difficulty (D)          15.3
    Effort to implement (E) 23662
    Time to implement (T)   22 minutes
    Est Delivered Bugs (B)  0
    Cyclomatic Complexity   6
    Maintainability (MI)    89

 Segment     Used  Free
-----------  ----  ----
00000-00003     4  0  
00004-007FF   143  1901  
00800-00FFF     0  2048  
01000-017FF     0  2048  
01800-01FFF     0  2048  



